::1 - - [29/Nov/2024:13:01:24 +0000] "GET /api/todos HTTP/1.1" 401 37 "-" "PostmanRuntime/7.43.0"
::1 - - [29/Nov/2024:13:06:10 +0000] "GET /api/todos HTTP/1.1" 401 37 "-" "Expo/2.32.10 CFNetwork/1568.200.51 Darwin/24.1.0"
::1 - - [29/Nov/2024:13:06:10 +0000] "GET /api/auth/profile HTTP/1.1" 401 37 "-" "Expo/2.32.10 CFNetwork/1568.200.51 Darwin/24.1.0"
::1 - - [29/Nov/2024:13:06:35 +0000] "POST /api/auth/login HTTP/1.1" 401 33 "-" "Expo/2.32.10 CFNetwork/1568.200.51 Darwin/24.1.0"
::1 - - [29/Nov/2024:13:06:36 +0000] "POST /api/auth/login HTTP/1.1" 401 33 "-" "Expo/2.32.10 CFNetwork/1568.200.51 Darwin/24.1.0"
::1 - - [29/Nov/2024:13:06:36 +0000] "POST /api/auth/login HTTP/1.1" 401 33 "-" "Expo/2.32.10 CFNetwork/1568.200.51 Darwin/24.1.0"
::1 - - [29/Nov/2024:13:06:38 +0000] "POST /api/auth/login HTTP/1.1" 401 33 "-" "Expo/2.32.10 CFNetwork/1568.200.51 Darwin/24.1.0"
::1 - - [29/Nov/2024:13:09:58 +0000] "GET /api/todos HTTP/1.1" 401 37 "-" "Expo/2.32.10 CFNetwork/1568.200.51 Darwin/24.1.0"
::1 - - [29/Nov/2024:13:09:58 +0000] "GET /api/auth/profile HTTP/1.1" 401 37 "-" "Expo/2.32.10 CFNetwork/1568.200.51 Darwin/24.1.0"
::1 - - [29/Nov/2024:13:10:46 +0000] "GET /api/todos HTTP/1.1" 401 37 "-" "Expo/2.32.10 CFNetwork/1568.200.51 Darwin/24.1.0"
::1 - - [29/Nov/2024:13:10:46 +0000] "GET /api/auth/profile HTTP/1.1" 401 37 "-" "Expo/2.32.10 CFNetwork/1568.200.51 Darwin/24.1.0"
::1 - - [29/Nov/2024:13:18:32 +0000] "GET /api/auth/profile HTTP/1.1" 401 37 "-" "Expo/2.32.10 CFNetwork/1568.200.51 Darwin/24.1.0"
::1 - - [29/Nov/2024:13:18:59 +0000] "GET /api/auth/profile HTTP/1.1" 401 37 "-" "Expo/2.32.10 CFNetwork/1568.200.51 Darwin/24.1.0"
::1 - - [29/Nov/2024:13:28:36 +0000] "POST /api/auth/register HTTP/1.1" 201 42 "-" "Expo/2.32.10 CFNetwork/1568.200.51 Darwin/24.1.0"
::1 - - [29/Nov/2024:13:29:29 +0000] "POST /api/auth/login HTTP/1.1" 200 36 "-" "Expo/2.32.10 CFNetwork/1568.200.51 Darwin/24.1.0"
::1 - - [29/Nov/2024:13:29:31 +0000] "POST /api/auth/login HTTP/1.1" 200 36 "-" "Expo/2.32.10 CFNetwork/1568.200.51 Darwin/24.1.0"
::1 - - [29/Nov/2024:13:32:25 +0000] "POST /api/auth/login HTTP/1.1" 401 33 "-" "PostmanRuntime/7.43.0"
::1 - - [29/Nov/2024:13:32:30 +0000] "POST /api/auth/login HTTP/1.1" 200 36 "-" "PostmanRuntime/7.43.0"
::1 - - [29/Nov/2024:13:47:23 +0000] "POST /api/auth/login HTTP/1.1" 200 257 "-" "PostmanRuntime/7.43.0"
::1 - - [29/Nov/2024:13:47:29 +0000] "POST /api/auth/login HTTP/1.1" 200 257 "-" "Expo/2.32.10 CFNetwork/1568.200.51 Darwin/24.1.0"
::1 - - [29/Nov/2024:13:47:29 +0000] "GET /api/todos HTTP/1.1" 200 2 "-" "Expo/2.32.10 CFNetwork/1568.200.51 Darwin/24.1.0"
::1 - - [29/Nov/2024:13:47:46 +0000] "POST /api/todos HTTP/1.1" 201 220 "-" "Expo/2.32.10 CFNetwork/1568.200.51 Darwin/24.1.0"
::1 - - [29/Nov/2024:13:48:00 +0000] "GET /api/todos HTTP/1.1" 200 222 "-" "Expo/2.32.10 CFNetwork/1568.200.51 Darwin/24.1.0"
::1 - - [29/Nov/2024:13:48:06 +0000] "GET /api/todos HTTP/1.1" 304 - "-" "Expo/2.32.10 CFNetwork/1568.200.51 Darwin/24.1.0"
::1 - - [29/Nov/2024:13:48:07 +0000] "GET /api/todos HTTP/1.1" 304 - "-" "Expo/2.32.10 CFNetwork/1568.200.51 Darwin/24.1.0"
::1 - - [29/Nov/2024:13:48:09 +0000] "GET /api/todos/6749c6020d69fc7ac487a36d HTTP/1.1" 200 220 "-" "Expo/2.32.10 CFNetwork/1568.200.51 Darwin/24.1.0"
::1 - - [29/Nov/2024:13:48:16 +0000] "PUT /api/todos/6749c6020d69fc7ac487a36d HTTP/1.1" 200 219 "-" "Expo/2.32.10 CFNetwork/1568.200.51 Darwin/24.1.0"
::1 - - [29/Nov/2024:13:48:19 +0000] "GET /api/todos HTTP/1.1" 200 221 "-" "Expo/2.32.10 CFNetwork/1568.200.51 Darwin/24.1.0"
::1 - - [29/Nov/2024:13:48:22 +0000] "DELETE /api/todos/6749c6020d69fc7ac487a36d HTTP/1.1" 200 26 "-" "Expo/2.32.10 CFNetwork/1568.200.51 Darwin/24.1.0"
::1 - - [29/Nov/2024:13:48:24 +0000] "GET /api/todos HTTP/1.1" 200 2 "-" "Expo/2.32.10 CFNetwork/1568.200.51 Darwin/24.1.0"
::1 - - [29/Nov/2024:13:53:08 +0000] "GET /api/auth/profile HTTP/1.1" 200 61 "-" "Expo/2.32.10 CFNetwork/1568.200.51 Darwin/24.1.0"
::1 - - [29/Nov/2024:13:53:08 +0000] "GET /api/todos HTTP/1.1" 304 - "-" "Expo/2.32.10 CFNetwork/1568.200.51 Darwin/24.1.0"
::1 - - [29/Nov/2024:13:53:11 +0000] "GET /api/todos HTTP/1.1" 304 - "-" "Expo/2.32.10 CFNetwork/1568.200.51 Darwin/24.1.0"
::1 - - [29/Nov/2024:13:53:13 +0000] "GET /api/todos HTTP/1.1" 304 - "-" "Expo/2.32.10 CFNetwork/1568.200.51 Darwin/24.1.0"
::1 - - [29/Nov/2024:13:53:41 +0000] "POST /api/todos HTTP/1.1" 201 230 "-" "Expo/2.32.10 CFNetwork/1568.200.51 Darwin/24.1.0"
::1 - - [29/Nov/2024:13:56:05 +0000] "GET /api/todos HTTP/1.1" 200 232 "-" "Expo/2.32.10 CFNetwork/1568.200.51 Darwin/24.1.0"
::1 - - [29/Nov/2024:13:56:13 +0000] "GET /api/todos/6749c7650d69fc7ac487a37b HTTP/1.1" 200 230 "-" "Expo/2.32.10 CFNetwork/1568.200.51 Darwin/24.1.0"
::1 - - [29/Nov/2024:13:56:22 +0000] "PUT /api/todos/6749c7650d69fc7ac487a37b HTTP/1.1" 200 235 "-" "Expo/2.32.10 CFNetwork/1568.200.51 Darwin/24.1.0"
::1 - - [29/Nov/2024:13:56:26 +0000] "GET /api/todos/6749c7650d69fc7ac487a37b HTTP/1.1" 304 - "-" "Expo/2.32.10 CFNetwork/1568.200.51 Darwin/24.1.0"
::1 - - [29/Nov/2024:13:56:28 +0000] "GET /api/todos/6749c7650d69fc7ac487a37b HTTP/1.1" 304 - "-" "Expo/2.32.10 CFNetwork/1568.200.51 Darwin/24.1.0"
::1 - - [29/Nov/2024:13:56:35 +0000] "PUT /api/todos/6749c7650d69fc7ac487a37b HTTP/1.1" 200 242 "-" "Expo/2.32.10 CFNetwork/1568.200.51 Darwin/24.1.0"
::1 - - [29/Nov/2024:13:56:38 +0000] "GET /api/todos HTTP/1.1" 200 244 "-" "Expo/2.32.10 CFNetwork/1568.200.51 Darwin/24.1.0"
::1 - - [29/Nov/2024:13:56:40 +0000] "GET /api/todos/6749c7650d69fc7ac487a37b HTTP/1.1" 304 - "-" "Expo/2.32.10 CFNetwork/1568.200.51 Darwin/24.1.0"
::1 - - [29/Nov/2024:13:56:53 +0000] "GET /api/todos/6749c7650d69fc7ac487a37b HTTP/1.1" 304 - "-" "Expo/2.32.10 CFNetwork/1568.200.51 Darwin/24.1.0"
::1 - - [29/Nov/2024:13:58:01 +0000] "GET /api/todos HTTP/1.1" 304 - "-" "Expo/2.32.10 CFNetwork/1568.200.51 Darwin/24.1.0"
::1 - - [29/Nov/2024:13:58:02 +0000] "GET /api/todos/6749c7650d69fc7ac487a37b HTTP/1.1" 304 - "-" "Expo/2.32.10 CFNetwork/1568.200.51 Darwin/24.1.0"
::1 - - [29/Nov/2024:13:58:06 +0000] "GET /api/todos/6749c7650d69fc7ac487a37b HTTP/1.1" 304 - "-" "Expo/2.32.10 CFNetwork/1568.200.51 Darwin/24.1.0"
::1 - - [29/Nov/2024:13:58:20 +0000] "PUT /api/todos/6749c7650d69fc7ac487a37b HTTP/1.1" 200 241 "-" "Expo/2.32.10 CFNetwork/1568.200.51 Darwin/24.1.0"
::1 - - [29/Nov/2024:13:58:23 +0000] "GET /api/todos HTTP/1.1" 200 243 "-" "Expo/2.32.10 CFNetwork/1568.200.51 Darwin/24.1.0"
::1 - - [29/Nov/2024:13:58:26 +0000] "GET /api/todos/6749c7650d69fc7ac487a37b HTTP/1.1" 304 - "-" "Expo/2.32.10 CFNetwork/1568.200.51 Darwin/24.1.0"
::1 - - [29/Nov/2024:13:58:31 +0000] "GET /api/todos HTTP/1.1" 304 - "-" "Expo/2.32.10 CFNetwork/1568.200.51 Darwin/24.1.0"
::1 - - [29/Nov/2024:13:58:33 +0000] "GET /api/todos HTTP/1.1" 304 - "-" "Expo/2.32.10 CFNetwork/1568.200.51 Darwin/24.1.0"
::1 - - [29/Nov/2024:13:58:35 +0000] "GET /api/todos/6749c7650d69fc7ac487a37b HTTP/1.1" 304 - "-" "Expo/2.32.10 CFNetwork/1568.200.51 Darwin/24.1.0"
::1 - - [29/Nov/2024:13:58:38 +0000] "PUT /api/todos/6749c7650d69fc7ac487a37b HTTP/1.1" 200 242 "-" "Expo/2.32.10 CFNetwork/1568.200.51 Darwin/24.1.0"
::1 - - [29/Nov/2024:13:58:42 +0000] "GET /api/todos HTTP/1.1" 200 244 "-" "Expo/2.32.10 CFNetwork/1568.200.51 Darwin/24.1.0"
::1 - - [29/Nov/2024:13:58:44 +0000] "GET /api/todos/6749c7650d69fc7ac487a37b HTTP/1.1" 304 - "-" "Expo/2.32.10 CFNetwork/1568.200.51 Darwin/24.1.0"
::1 - - [29/Nov/2024:13:59:01 +0000] "GET /api/todos/6749c7650d69fc7ac487a37b HTTP/1.1" 304 - "-" "Expo/2.32.10 CFNetwork/1568.200.51 Darwin/24.1.0"
::1 - - [29/Nov/2024:13:59:13 +0000] "GET /api/todos HTTP/1.1" 304 - "-" "Expo/2.32.10 CFNetwork/1568.200.51 Darwin/24.1.0"
::1 - - [29/Nov/2024:13:59:13 +0000] "GET /api/todos/6749c7650d69fc7ac487a37b HTTP/1.1" 304 - "-" "Expo/2.32.10 CFNetwork/1568.200.51 Darwin/24.1.0"
::1 - - [29/Nov/2024:14:01:35 +0000] "GET /api/todos HTTP/1.1" 304 - "-" "Expo/2.32.10 CFNetwork/1568.200.51 Darwin/24.1.0"
::1 - - [29/Nov/2024:14:01:36 +0000] "GET /api/todos HTTP/1.1" 304 - "-" "Expo/2.32.10 CFNetwork/1568.200.51 Darwin/24.1.0"
::1 - - [29/Nov/2024:14:01:42 +0000] "POST /api/auth/logout HTTP/1.1" 200 37 "-" "Expo/2.32.10 CFNetwork/1568.200.51 Darwin/24.1.0"
::1 - - [29/Nov/2024:14:01:54 +0000] "POST /api/auth/login HTTP/1.1" 200 257 "-" "Expo/2.32.10 CFNetwork/1568.200.51 Darwin/24.1.0"
::1 - - [29/Nov/2024:14:01:54 +0000] "GET /api/todos HTTP/1.1" 304 - "-" "Expo/2.32.10 CFNetwork/1568.200.51 Darwin/24.1.0"
::1 - - [29/Nov/2024:14:02:00 +0000] "POST /api/auth/logout HTTP/1.1" 200 37 "-" "Expo/2.32.10 CFNetwork/1568.200.51 Darwin/24.1.0"
::1 - - [29/Nov/2024:14:02:16 +0000] "POST /api/auth/register HTTP/1.1" 201 257 "-" "Expo/2.32.10 CFNetwork/1568.200.51 Darwin/24.1.0"
::1 - - [29/Nov/2024:14:02:16 +0000] "GET /api/todos HTTP/1.1" 200 2 "-" "Expo/2.32.10 CFNetwork/1568.200.51 Darwin/24.1.0"
::1 - - [29/Nov/2024:14:03:46 +0000] "GET /api/todos HTTP/1.1" 304 - "-" "Expo/2.32.10 CFNetwork/1568.200.51 Darwin/24.1.0"
::1 - - [29/Nov/2024:14:03:47 +0000] "POST /api/auth/logout HTTP/1.1" 200 37 "-" "Expo/2.32.10 CFNetwork/1568.200.51 Darwin/24.1.0"
::1 - - [29/Nov/2024:14:03:54 +0000] "POST /api/auth/login HTTP/1.1" 200 257 "-" "Expo/2.32.10 CFNetwork/1568.200.51 Darwin/24.1.0"
::1 - - [29/Nov/2024:14:03:55 +0000] "GET /api/todos HTTP/1.1" 200 244 "-" "Expo/2.32.10 CFNetwork/1568.200.51 Darwin/24.1.0"
::1 - - [29/Nov/2024:14:03:58 +0000] "POST /api/auth/logout HTTP/1.1" 200 37 "-" "Expo/2.32.10 CFNetwork/1568.200.51 Darwin/24.1.0"
::1 - - [29/Nov/2024:14:04:06 +0000] "POST /api/auth/login HTTP/1.1" 200 257 "-" "Expo/2.32.10 CFNetwork/1568.200.51 Darwin/24.1.0"
::1 - - [29/Nov/2024:14:04:06 +0000] "GET /api/todos HTTP/1.1" 200 2 "-" "Expo/2.32.10 CFNetwork/1568.200.51 Darwin/24.1.0"
::1 - - [29/Nov/2024:14:04:13 +0000] "POST /api/auth/logout HTTP/1.1" 200 37 "-" "Expo/2.32.10 CFNetwork/1568.200.51 Darwin/24.1.0"
::1 - - [29/Nov/2024:14:04:28 +0000] "POST /api/auth/register HTTP/1.1" 201 257 "-" "Expo/2.32.10 CFNetwork/1568.200.51 Darwin/24.1.0"
::1 - - [29/Nov/2024:14:04:29 +0000] "GET /api/todos HTTP/1.1" 304 - "-" "Expo/2.32.10 CFNetwork/1568.200.51 Darwin/24.1.0"
::1 - - [29/Nov/2024:14:04:39 +0000] "GET /api/auth/profile HTTP/1.1" 200 61 "-" "Expo/2.32.10 CFNetwork/1568.200.51 Darwin/24.1.0"
::1 - - [29/Nov/2024:14:04:40 +0000] "GET /api/todos HTTP/1.1" 304 - "-" "Expo/2.32.10 CFNetwork/1568.200.51 Darwin/24.1.0"
::1 - - [29/Nov/2024:14:04:48 +0000] "GET /api/auth/profile HTTP/1.1" 304 - "-" "Expo/2.32.10 CFNetwork/1568.200.51 Darwin/24.1.0"
::1 - - [29/Nov/2024:14:04:48 +0000] "GET /api/todos HTTP/1.1" 304 - "-" "Expo/2.32.10 CFNetwork/1568.200.51 Darwin/24.1.0"
::1 - - [29/Nov/2024:14:04:55 +0000] "GET /api/auth/profile HTTP/1.1" 304 - "-" "Expo/2.32.10 CFNetwork/1568.200.51 Darwin/24.1.0"
::1 - - [29/Nov/2024:14:04:55 +0000] "GET /api/todos HTTP/1.1" 304 - "-" "Expo/2.32.10 CFNetwork/1568.200.51 Darwin/24.1.0"
::1 - - [29/Nov/2024:14:05:03 +0000] "GET /api/auth/profile HTTP/1.1" 304 - "-" "Expo/2.32.10 CFNetwork/1568.200.51 Darwin/24.1.0"
::1 - - [29/Nov/2024:14:05:03 +0000] "GET /api/todos HTTP/1.1" 304 - "-" "Expo/2.32.10 CFNetwork/1568.200.51 Darwin/24.1.0"
::1 - - [29/Nov/2024:14:05:08 +0000] "GET /api/auth/profile HTTP/1.1" 304 - "-" "Expo/2.32.10 CFNetwork/1568.200.51 Darwin/24.1.0"
::1 - - [29/Nov/2024:14:05:09 +0000] "GET /api/todos HTTP/1.1" 304 - "-" "Expo/2.32.10 CFNetwork/1568.200.51 Darwin/24.1.0"
::1 - - [29/Nov/2024:14:05:16 +0000] "GET /api/auth/profile HTTP/1.1" 304 - "-" "Expo/2.32.10 CFNetwork/1568.200.51 Darwin/24.1.0"
::1 - - [29/Nov/2024:14:05:16 +0000] "GET /api/todos HTTP/1.1" 304 - "-" "Expo/2.32.10 CFNetwork/1568.200.51 Darwin/24.1.0"
::1 - - [29/Nov/2024:14:05:21 +0000] "GET /api/auth/profile HTTP/1.1" 304 - "-" "Expo/2.32.10 CFNetwork/1568.200.51 Darwin/24.1.0"
::1 - - [29/Nov/2024:14:05:21 +0000] "GET /api/todos HTTP/1.1" 304 - "-" "Expo/2.32.10 CFNetwork/1568.200.51 Darwin/24.1.0"
::1 - - [29/Nov/2024:14:05:33 +0000] "GET /api/auth/profile HTTP/1.1" 304 - "-" "Expo/2.32.10 CFNetwork/1568.200.51 Darwin/24.1.0"
::1 - - [29/Nov/2024:14:05:34 +0000] "GET /api/todos HTTP/1.1" 304 - "-" "Expo/2.32.10 CFNetwork/1568.200.51 Darwin/24.1.0"
::1 - - [29/Nov/2024:14:05:52 +0000] "POST /api/todos HTTP/1.1" 201 236 "-" "Expo/2.32.10 CFNetwork/1568.200.51 Darwin/24.1.0"
::1 - - [29/Nov/2024:14:06:03 +0000] "GET /api/todos HTTP/1.1" 200 238 "-" "Expo/2.32.10 CFNetwork/1568.200.51 Darwin/24.1.0"
::1 - - [29/Nov/2024:14:09:51 +0000] "GET /api/todos HTTP/1.1" 304 - "-" "Expo/2.32.10 CFNetwork/1568.200.51 Darwin/24.1.0"
::1 - - [29/Nov/2024:14:10:16 +0000] "POST /api/todos HTTP/1.1" 201 242 "-" "Expo/2.32.10 CFNetwork/1568.200.51 Darwin/24.1.0"
::1 - - [29/Nov/2024:14:10:16 +0000] "GET /api/todos HTTP/1.1" 200 481 "-" "Expo/2.32.10 CFNetwork/1568.200.51 Darwin/24.1.0"
::1 - - [29/Nov/2024:14:10:29 +0000] "GET /api/todos/6749cb480d69fc7ac487a3ba HTTP/1.1" 200 242 "-" "Expo/2.32.10 CFNetwork/1568.200.51 Darwin/24.1.0"
::1 - - [29/Nov/2024:14:10:37 +0000] "PUT /api/todos/6749cb480d69fc7ac487a3ba HTTP/1.1" 200 246 "-" "Expo/2.32.10 CFNetwork/1568.200.51 Darwin/24.1.0"
::1 - - [29/Nov/2024:14:10:39 +0000] "GET /api/todos HTTP/1.1" 200 485 "-" "Expo/2.32.10 CFNetwork/1568.200.51 Darwin/24.1.0"
::1 - - [29/Nov/2024:14:10:50 +0000] "POST /api/auth/logout HTTP/1.1" 200 37 "-" "Expo/2.32.10 CFNetwork/1568.200.51 Darwin/24.1.0"
::1 - - [29/Nov/2024:14:10:57 +0000] "POST /api/auth/login HTTP/1.1" 200 257 "-" "Expo/2.32.10 CFNetwork/1568.200.51 Darwin/24.1.0"
::1 - - [29/Nov/2024:14:10:57 +0000] "GET /api/todos HTTP/1.1" 200 244 "-" "Expo/2.32.10 CFNetwork/1568.200.51 Darwin/24.1.0"
::1 - - [29/Nov/2024:14:11:02 +0000] "GET /api/todos/6749c7650d69fc7ac487a37b HTTP/1.1" 304 - "-" "Expo/2.32.10 CFNetwork/1568.200.51 Darwin/24.1.0"
::1 - - [29/Nov/2024:14:11:10 +0000] "PUT /api/todos/6749c7650d69fc7ac487a37b HTTP/1.1" 200 252 "-" "Expo/2.32.10 CFNetwork/1568.200.51 Darwin/24.1.0"
::1 - - [29/Nov/2024:14:11:12 +0000] "GET /api/todos HTTP/1.1" 200 254 "-" "Expo/2.32.10 CFNetwork/1568.200.51 Darwin/24.1.0"
::1 - - [29/Nov/2024:14:11:14 +0000] "GET /api/todos/6749c7650d69fc7ac487a37b HTTP/1.1" 304 - "-" "Expo/2.32.10 CFNetwork/1568.200.51 Darwin/24.1.0"
::1 - - [29/Nov/2024:14:11:18 +0000] "GET /api/todos HTTP/1.1" 304 - "-" "Expo/2.32.10 CFNetwork/1568.200.51 Darwin/24.1.0"
::1 - - [29/Nov/2024:14:12:25 +0000] "GET /api/todos HTTP/1.1" 304 - "-" "Expo/2.32.10 CFNetwork/1568.200.51 Darwin/24.1.0"
::1 - - [29/Nov/2024:14:12:26 +0000] "GET /api/todos HTTP/1.1" 304 - "-" "Expo/2.32.10 CFNetwork/1568.200.51 Darwin/24.1.0"
::1 - - [29/Nov/2024:14:16:49 +0000] "GET /api/todos HTTP/1.1" 304 - "-" "Expo/2.32.10 CFNetwork/1568.200.51 Darwin/24.1.0"
::1 - - [29/Nov/2024:14:17:01 +0000] "GET /api/todos HTTP/1.1" 304 - "-" "Expo/2.32.10 CFNetwork/1568.200.51 Darwin/24.1.0"
::1 - - [29/Nov/2024:14:20:51 +0000] "GET /api/todos HTTP/1.1" 304 - "-" "Expo/2.32.10 CFNetwork/1568.200.51 Darwin/24.1.0"
::ffff:127.0.0.1 - - [29/Nov/2024:14:21:55 +0000] "POST /api/auth/login HTTP/1.1" 200 257 "-" "okhttp/4.12.0"
::ffff:127.0.0.1 - - [29/Nov/2024:14:21:55 +0000] "GET /api/todos HTTP/1.1" 200 254 "-" "okhttp/4.12.0"
::ffff:127.0.0.1 - - [29/Nov/2024:14:22:24 +0000] "POST /api/todos HTTP/1.1" 201 226 "-" "okhttp/4.12.0"
::ffff:127.0.0.1 - - [29/Nov/2024:14:22:24 +0000] "GET /api/todos HTTP/1.1" 200 481 "-" "okhttp/4.12.0"
::ffff:127.0.0.1 - - [29/Nov/2024:14:22:27 +0000] "DELETE /api/todos/6749ce1f0d69fc7ac487a3ce HTTP/1.1" 200 26 "-" "okhttp/4.12.0"
::ffff:127.0.0.1 - - [29/Nov/2024:14:22:28 +0000] "GET /api/todos/6749c7650d69fc7ac487a37b HTTP/1.1" 200 252 "-" "okhttp/4.12.0"
::ffff:127.0.0.1 - - [29/Nov/2024:14:22:42 +0000] "PUT /api/todos/6749c7650d69fc7ac487a37b HTTP/1.1" 200 274 "-" "okhttp/4.12.0"
::ffff:127.0.0.1 - - [29/Nov/2024:14:22:44 +0000] "GET /api/todos HTTP/1.1" 200 276 "-" "okhttp/4.12.0"
::ffff:127.0.0.1 - - [29/Nov/2024:14:22:47 +0000] "GET /api/todos/6749c7650d69fc7ac487a37b HTTP/1.1" 200 274 "-" "okhttp/4.12.0"
::ffff:127.0.0.1 - - [29/Nov/2024:14:22:51 +0000] "GET /api/todos HTTP/1.1" 304 - "-" "okhttp/4.12.0"
::ffff:127.0.0.1 - - [29/Nov/2024:14:22:53 +0000] "GET /api/todos/6749c7650d69fc7ac487a37b HTTP/1.1" 304 - "-" "okhttp/4.12.0"
::ffff:127.0.0.1 - - [29/Nov/2024:14:22:57 +0000] "PUT /api/todos/6749c7650d69fc7ac487a37b HTTP/1.1" 200 273 "-" "okhttp/4.12.0"
::ffff:127.0.0.1 - - [29/Nov/2024:14:22:58 +0000] "GET /api/todos HTTP/1.1" 200 275 "-" "okhttp/4.12.0"
::ffff:127.0.0.1 - - [29/Nov/2024:14:23:02 +0000] "GET /api/todos/6749c7650d69fc7ac487a37b HTTP/1.1" 200 273 "-" "okhttp/4.12.0"
::ffff:127.0.0.1 - - [29/Nov/2024:14:23:05 +0000] "PUT /api/todos/6749c7650d69fc7ac487a37b HTTP/1.1" 200 274 "-" "okhttp/4.12.0"
::ffff:127.0.0.1 - - [29/Nov/2024:14:23:06 +0000] "GET /api/todos HTTP/1.1" 200 276 "-" "okhttp/4.12.0"
::ffff:127.0.0.1 - - [29/Nov/2024:14:23:19 +0000] "POST /api/auth/logout HTTP/1.1" 200 37 "-" "okhttp/4.12.0"
::1 - - [29/Nov/2024:14:29:43 +0000] "POST /api/auth/login HTTP/1.1" 200 257 "http://localhost:8081/" "Mozilla/5.0 (Macintosh; Intel Mac OS X 10_15_7) AppleWebKit/537.36 (KHTML, like Gecko) Chrome/131.0.0.0 Safari/537.36"
::1 - - [29/Nov/2024:14:29:43 +0000] "GET /api/todos HTTP/1.1" 200 276 "http://localhost:8081/" "Mozilla/5.0 (Macintosh; Intel Mac OS X 10_15_7) AppleWebKit/537.36 (KHTML, like Gecko) Chrome/131.0.0.0 Safari/537.36"
::1 - - [29/Nov/2024:14:30:00 +0000] "POST /api/todos HTTP/1.1" 201 221 "http://localhost:8081/" "Mozilla/5.0 (Macintosh; Intel Mac OS X 10_15_7) AppleWebKit/537.36 (KHTML, like Gecko) Chrome/131.0.0.0 Safari/537.36"
::1 - - [29/Nov/2024:14:30:00 +0000] "GET /api/todos HTTP/1.1" 200 498 "http://localhost:8081/" "Mozilla/5.0 (Macintosh; Intel Mac OS X 10_15_7) AppleWebKit/537.36 (KHTML, like Gecko) Chrome/131.0.0.0 Safari/537.36"
::1 - - [29/Nov/2024:14:30:03 +0000] "GET /api/todos/6749cfe80d69fc7ac487a3df HTTP/1.1" 200 221 "http://localhost:8081/" "Mozilla/5.0 (Macintosh; Intel Mac OS X 10_15_7) AppleWebKit/537.36 (KHTML, like Gecko) Chrome/131.0.0.0 Safari/537.36"
::1 - - [29/Nov/2024:14:30:04 +0000] "GET /api/todos HTTP/1.1" 304 - "http://localhost:8081/" "Mozilla/5.0 (Macintosh; Intel Mac OS X 10_15_7) AppleWebKit/537.36 (KHTML, like Gecko) Chrome/131.0.0.0 Safari/537.36"
::1 - - [29/Nov/2024:14:30:05 +0000] "GET /api/todos/6749cfe80d69fc7ac487a3df HTTP/1.1" 304 - "http://localhost:8081/" "Mozilla/5.0 (Macintosh; Intel Mac OS X 10_15_7) AppleWebKit/537.36 (KHTML, like Gecko) Chrome/131.0.0.0 Safari/537.36"
::1 - - [29/Nov/2024:14:30:07 +0000] "GET /api/todos HTTP/1.1" 304 - "http://localhost:8081/" "Mozilla/5.0 (Macintosh; Intel Mac OS X 10_15_7) AppleWebKit/537.36 (KHTML, like Gecko) Chrome/131.0.0.0 Safari/537.36"
::1 - - [29/Nov/2024:14:30:10 +0000] "POST /api/auth/logout HTTP/1.1" 200 37 "http://localhost:8081/" "Mozilla/5.0 (Macintosh; Intel Mac OS X 10_15_7) AppleWebKit/537.36 (KHTML, like Gecko) Chrome/131.0.0.0 Safari/537.36"
::1 - - [29/Nov/2024:14:30:10 +0000] "GET /api/todos HTTP/1.1" 401 31 "http://localhost:8081/" "Mozilla/5.0 (Macintosh; Intel Mac OS X 10_15_7) AppleWebKit/537.36 (KHTML, like Gecko) Chrome/131.0.0.0 Safari/537.36"
